<?xml version="1.0" encoding="UTF-8"?>
<!-- Generated by org.testng.reporters.JUnitReportReporter -->
<testsuite skipped="0" hostname="W00185VDI" name="com.uiFramework.ust.experian.testScripts.DrivingLicenseQueries" tests="2" failures="0" timestamp="11 Sep 2018 14:03:07 GMT" time="19.848" errors="0">
  <testcase name="ValidDLCheck" time="9.438" classname="com.uiFramework.ust.experian.testScripts.DrivingLicenseQueries"/>
  <testcase name="InvalidDOB" time="10.410" classname="com.uiFramework.ust.experian.testScripts.DrivingLicenseQueries"/>
</testsuite> <!-- com.uiFramework.ust.experian.testScripts.DrivingLicenseQueries -->
