<?xml version="1.0" encoding="UTF-8"?>
<!-- Generated by org.testng.reporters.JUnitReportReporter -->
<testsuite skipped="0" hostname="W00185VDI" name="com.uiFramework.ust.experian.testScripts.IDH_578_579" tests="3" failures="0" timestamp="11 Sep 2018 14:03:07 GMT" time="110.380" errors="0">
  <testcase name="IDH_578and579_2" time="38.325" classname="com.uiFramework.ust.experian.testScripts.IDH_578_579"/>
  <testcase name="IDH_578and579_3" time="19.538" classname="com.uiFramework.ust.experian.testScripts.IDH_578_579"/>
  <testcase name="IDH_578and579_1" time="52.517" classname="com.uiFramework.ust.experian.testScripts.IDH_578_579"/>
</testsuite> <!-- com.uiFramework.ust.experian.testScripts.IDH_578_579 -->
