<?xml version="1.0" encoding="UTF-8"?>
<!-- Generated by org.testng.reporters.JUnitReportReporter -->
<testsuite skipped="0" hostname="W00185VDI" name="com.uiFramework.ust.experian.testScripts.Batch1" tests="1" failures="0" timestamp="10 Sep 2018 08:50:18 GMT" time="0.491" errors="0">
  <testcase name="batchprocess" time="0.491" classname="com.uiFramework.ust.experian.testScripts.Batch1"/>
</testsuite> <!-- com.uiFramework.ust.experian.testScripts.Batch1 -->
