<?xml version="1.0" encoding="UTF-8"?>
<!-- Generated by org.testng.reporters.JUnitReportReporter -->
<testsuite skipped="0" hostname="W00185VDI" name="com.uiFramework.ust.experian.testScripts.IDH_578_579" tests="3" failures="0" timestamp="16 Aug 2018 12:03:10 GMT" time="43.599" errors="0">
  <testcase name="IDH_578and579_1" time="14.871" classname="com.uiFramework.ust.experian.testScripts.IDH_578_579"/>
  <testcase name="IDH_578and579_3" time="15.450" classname="com.uiFramework.ust.experian.testScripts.IDH_578_579"/>
  <testcase name="IDH_578and579_2" time="13.278" classname="com.uiFramework.ust.experian.testScripts.IDH_578_579"/>
</testsuite> <!-- com.uiFramework.ust.experian.testScripts.IDH_578_579 -->
