<?xml version="1.0" encoding="UTF-8"?>
<!-- Generated by org.testng.reporters.JUnitReportReporter -->
<testsuite skipped="2" hostname="W00185VDI" name="com.uiFramework.ust.experian.testScripts.DrivingLicenseQueries" tests="3" failures="0" timestamp="11 Sep 2018 09:55:03 GMT" time="0.003" errors="1">
  <testcase name="InvalidDOB" time="0.000" classname="com.uiFramework.ust.experian.testScripts.DrivingLicenseQueries">
    <skipped/>
  </testcase> <!-- InvalidDOB -->
  <testcase name="beforeTest" time="0.003" classname="com.uiFramework.ust.experian.testScripts.DrivingLicenseQueries">
    <error type="java.lang.NullPointerException" message="Name is null">
      <![CDATA[java.lang.NullPointerException: Name is nullat java.lang.Enum.valueOf(Enum.java:236)at com.uiFramework.ust.experian.helper.browserConfiguration.BrowserType.valueOf(BrowserType.java:1)at com.uiFramework.ust.experian.helper.browserConfiguration.config.PropertyReader.getBrowserType(PropertyReader.java:44)at com.uiFramework.ust.experian.testbase.TestBase.beforeTest(TestBase.java:66)at sun.reflect.NativeMethodAccessorImpl.invoke0(Native Method)at sun.reflect.NativeMethodAccessorImpl.invoke(NativeMethodAccessorImpl.java:62)at sun.reflect.DelegatingMethodAccessorImpl.invoke(DelegatingMethodAccessorImpl.java:43)at java.lang.reflect.Method.invoke(Method.java:498)at org.testng.internal.MethodInvocationHelper.invokeMethod(MethodInvocationHelper.java:124)at org.testng.internal.MethodInvocationHelper.invokeMethodConsideringTimeout(MethodInvocationHelper.java:59)at org.testng.internal.Invoker.invokeConfigurationMethod(Invoker.java:451)at org.testng.internal.Invoker.invokeConfigurations(Invoker.java:222)at org.testng.internal.Invoker.invokeConfigurations(Invoker.java:142)at org.testng.internal.TestMethodWorker.invokeBeforeClassMethods(TestMethodWorker.java:163)at org.testng.internal.TestMethodWorker.run(TestMethodWorker.java:105)at java.util.concurrent.ThreadPoolExecutor.runWorker(ThreadPoolExecutor.java:1149)at java.util.concurrent.ThreadPoolExecutor$Worker.run(ThreadPoolExecutor.java:624)at java.lang.Thread.run(Thread.java:748)]]>
    </error>
  </testcase> <!-- beforeTest -->
  <testcase name="ValidDLCheck" time="0.000" classname="com.uiFramework.ust.experian.testScripts.DrivingLicenseQueries">
    <skipped/>
  </testcase> <!-- ValidDLCheck -->
</testsuite> <!-- com.uiFramework.ust.experian.testScripts.DrivingLicenseQueries -->
