<?xml version="1.0" encoding="UTF-8"?>
<testsuite xmlns:xsi="http://www.w3.org/2001/XMLSchema-instance" xsi:schemaLocation="https://maven.apache.org/surefire/maven-surefire-plugin/xsd/surefire-test-report.xsd" name="TestSuite" time="3.474" tests="19" errors="0" skipped="17" failures="2">
  <properties>
    <property name="java.runtime.name" value="Java(TM) SE Runtime Environment"/>
    <property name="sun.boot.library.path" value="C:\Program Files\Java\jdk1.8.0_181\jre\bin"/>
    <property name="java.vm.version" value="25.181-b25"/>
    <property name="java.vm.vendor" value="Oracle Corporation"/>
    <property name="maven.multiModuleProjectDirectory" value="C:\UIFramework\uiFramework"/>
    <property name="java.vendor.url" value="http://java.oracle.com/"/>
    <property name="path.separator" value=";"/>
    <property name="guice.disable.misplaced.annotation.check" value="true"/>
    <property name="java.vm.name" value="Java HotSpot(TM) 64-Bit Server VM"/>
    <property name="file.encoding.pkg" value="sun.io"/>
    <property name="user.script" value=""/>
    <property name="user.country" value="GB"/>
    <property name="sun.java.launcher" value="SUN_STANDARD"/>
    <property name="sun.os.patch.level" value="Service Pack 1"/>
    <property name="java.vm.specification.name" value="Java Virtual Machine Specification"/>
    <property name="user.dir" value="C:\UIFramework\uiFramework"/>
    <property name="java.runtime.version" value="1.8.0_181-b25"/>
    <property name="java.awt.graphicsenv" value="sun.awt.Win32GraphicsEnvironment"/>
    <property name="java.endorsed.dirs" value="C:\Program Files\Java\jdk1.8.0_181\jre\lib\endorsed"/>
    <property name="os.arch" value="amd64"/>
    <property name="java.io.tmpdir" value="C:\Users\c50201a\AppData\Local\Temp\"/>
    <property name="line.separator" value="&#10;"/>
    <property name="java.vm.specification.vendor" value="Oracle Corporation"/>
    <property name="user.variant" value=""/>
    <property name="os.name" value="Windows 7"/>
    <property name="classworlds.conf" value="C:\UIFramework\.metadata\.plugins\org.eclipse.m2e.launching\launches\m2conf4373565716348796472.tmp"/>
    <property name="sun.jnu.encoding" value="Cp1252"/>
    <property name="java.library.path" value="C:\Program Files\Java\jdk1.8.0_181\bin;C:\Windows\Sun\Java\bin;C:\Windows\system32;C:\Windows;C:/Program Files/Java/jdk1.8.0_181/bin/../jre/bin/server;C:/Program Files/Java/jdk1.8.0_181/bin/../jre/bin;C:/Program Files/Java/jdk1.8.0_181/bin/../jre/lib/amd64;C:\Windows;C:\Windows\System32;C:\Windows\System32\WBEM;C:\Program Files (x86)\Common Files\Oracle\Java\javapath;C:\ProgramData\Oracle\Java\javapath;C:\Program Files (x86)\WebEx\Productivity Tools;C:\Program Files\Citrix\System32;C:\Program Files\Citrix\ICAService;C:\Program Files\Citrix\Virtual Desktop Agent;C:\Program Files\Citrix\System32;C:\Program Files\Citrix\ICAService;C:\Program Files\TortoiseSVN\bin;C:\Ruby23-x64\bin;C:\Program Files (x86)\PuTTY;C:\Program Files\Java\jdk1.8.0_181\bin;C:\Windows\SYSTEM32\WINDOWSPOWERSHELL\V1.0\;C:\Program Files\apache-maven-3.5.0\BIN;C:\Users\c50201a\AppData\Local\atom\bin;C:\Users\c50201a\AppData\Local\Programs\Fiddler;C:\Softwares\eclipse;;."/>
    <property name="java.specification.name" value="Java Platform API Specification"/>
    <property name="java.class.version" value="52.0"/>
    <property name="sun.management.compiler" value="HotSpot 64-Bit Tiered Compilers"/>
    <property name="os.version" value="6.1"/>
    <property name="user.home" value="C:\Users\c50201a"/>
    <property name="user.timezone" value="Europe/London"/>
    <property name="java.awt.printerjob" value="sun.awt.windows.WPrinterJob"/>
    <property name="java.specification.version" value="1.8"/>
    <property name="file.encoding" value="Cp1252"/>
    <property name="user.name" value="c50201a"/>
    <property name="java.class.path" value="/C:/Softwares/eclipse/plugins/org.eclipse.m2e.maven.runtime_1.8.1.20170728-1531/jars/plexus-classworlds-2.5.2.jar"/>
    <property name="java.vm.specification.version" value="1.8"/>
    <property name="sun.arch.data.model" value="64"/>
    <property name="java.home" value="C:\Program Files\Java\jdk1.8.0_181\jre"/>
    <property name="sun.java.command" value="org.codehaus.plexus.classworlds.launcher.Launcher -B test"/>
    <property name="java.specification.vendor" value="Oracle Corporation"/>
    <property name="user.language" value="en"/>
    <property name="awt.toolkit" value="sun.awt.windows.WToolkit"/>
    <property name="java.vm.info" value="mixed mode"/>
    <property name="java.version" value="1.8.0_181"/>
    <property name="java.ext.dirs" value="C:\Program Files\Java\jdk1.8.0_181\jre\lib\ext;C:\Windows\Sun\Java\lib\ext"/>
    <property name="sun.boot.class.path" value="C:\Program Files\Java\jdk1.8.0_181\jre\lib\resources.jar;C:\Program Files\Java\jdk1.8.0_181\jre\lib\rt.jar;C:\Program Files\Java\jdk1.8.0_181\jre\lib\sunrsasign.jar;C:\Program Files\Java\jdk1.8.0_181\jre\lib\jsse.jar;C:\Program Files\Java\jdk1.8.0_181\jre\lib\jce.jar;C:\Program Files\Java\jdk1.8.0_181\jre\lib\charsets.jar;C:\Program Files\Java\jdk1.8.0_181\jre\lib\jfr.jar;C:\Program Files\Java\jdk1.8.0_181\jre\classes"/>
    <property name="java.vendor" value="Oracle Corporation"/>
    <property name="maven.home" value="C:\UIFramework\uiFramework\EMBEDDED"/>
    <property name="file.separator" value="\"/>
    <property name="java.vendor.url.bug" value="http://bugreport.sun.com/bugreport/"/>
    <property name="sun.cpu.endian" value="little"/>
    <property name="sun.io.unicode.encoding" value="UnicodeLittle"/>
    <property name="sun.desktop" value="windows"/>
    <property name="sun.cpu.isalist" value="amd64"/>
  </properties>
  <testcase name="beforeTest" classname="com.uiFramework.ust.experian.testScripts.BankWiazrdQueries" time="3.059">
    <failure message="Name is null" type="java.lang.NullPointerException">java.lang.NullPointerException: Name is null
</failure>
    <system-out><![CDATA[4097469
]]></system-out>
  </testcase>
  <testcase name="beforeTest" classname="com.uiFramework.ust.experian.testScripts.DrivingLicenseQueries" time="3.06">
    <failure message="Name is null" type="java.lang.NullPointerException">java.lang.NullPointerException: Name is null
</failure>
  </testcase>
  <testcase name="beforeMethod" classname="com.uiFramework.ust.experian.testScripts.DrivingLicenseQueries" time="0">
    <skipped/>
    <system-out><![CDATA[2018-09-11 10:09:82 INFO  TestBase :188 - excel location C:\UIFramework\uiFramework\src\main\resources\testdata\BankWizard.xlsx
2018-09-11 10:09:87 INFO  TestBase :188 - excel location C:\UIFramework\uiFramework\src\main\resources\testdata\DrivingLicense.xlsx
]]></system-out>
  </testcase>
  <testcase name="beforeMethod" classname="com.uiFramework.ust.experian.testScripts.DrivingLicenseQueries" time="0">
    <skipped/>
    <system-out><![CDATA[2018-09-11 10:09:226 INFO  TestBase :188 - excel location C:\UIFramework\uiFramework\src\main\resources\testdata\DrivingLicense.xlsx
]]></system-out>
  </testcase>
  <testcase name="InvalidDOB" classname="com.uiFramework.ust.experian.testScripts.DrivingLicenseQueries" time="0">
    <skipped message="Name is null"/>
  </testcase>
  <testcase name="afterMethod" classname="com.uiFramework.ust.experian.testScripts.DrivingLicenseQueries" time="0">
    <skipped/>
  </testcase>
  <testcase name="afterMethod" classname="com.uiFramework.ust.experian.testScripts.DrivingLicenseQueries" time="0">
    <skipped/>
  </testcase>
  <testcase name="ValidDLCheck" classname="com.uiFramework.ust.experian.testScripts.DrivingLicenseQueries" time="0">
    <skipped message="Name is null"/>
  </testcase>
  <testcase name="afterTest" classname="com.uiFramework.ust.experian.testScripts.DrivingLicenseQueries" time="0">
    <skipped/>
  </testcase>
  <testcase name="beforeMethod" classname="com.uiFramework.ust.experian.testScripts.BankWiazrdQueries" time="0">
    <skipped/>
  </testcase>
  <testcase name="beforeMethod" classname="com.uiFramework.ust.experian.testScripts.BankWiazrdQueries" time="0">
    <skipped/>
  </testcase>
  <testcase name="beforeMethod" classname="com.uiFramework.ust.experian.testScripts.BankWiazrdQueries" time="0">
    <skipped/>
    <system-out><![CDATA[2018-09-11 10:09:286 INFO  TestBase :188 - excel location C:\UIFramework\uiFramework\src\main\resources\testdata\BankWizard.xlsx
]]></system-out>
  </testcase>
  <testcase name="BWAccClosed" classname="com.uiFramework.ust.experian.testScripts.BankWiazrdQueries" time="0">
    <skipped message="Name is null"/>
  </testcase>
  <testcase name="BWAccClosed" classname="com.uiFramework.ust.experian.testScripts.BankWiazrdQueries" time="0">
    <skipped message="Name is null"/>
  </testcase>
  <testcase name="afterMethod" classname="com.uiFramework.ust.experian.testScripts.BankWiazrdQueries" time="0">
    <skipped/>
  </testcase>
  <testcase name="afterMethod" classname="com.uiFramework.ust.experian.testScripts.BankWiazrdQueries" time="0">
    <skipped/>
  </testcase>
  <testcase name="afterMethod" classname="com.uiFramework.ust.experian.testScripts.BankWiazrdQueries" time="0">
    <skipped/>
  </testcase>
  <testcase name="BWAccHolderDeceased" classname="com.uiFramework.ust.experian.testScripts.BankWiazrdQueries" time="0">
    <skipped message="Name is null"/>
  </testcase>
  <testcase name="afterTest" classname="com.uiFramework.ust.experian.testScripts.BankWiazrdQueries" time="0">
    <skipped/>
  </testcase>
</testsuite>